Not found
Not found
Not found
Not found
Not found
Not found
Not found
Not found
Inserted ./fileset_dir/00109
Inserted at 2453Insert done
Inserted ./fileset_dir/00155
Inserted at 2614Insert done
Inserted ./fileset_dir/00126
Inserted at 2516Insert done
Inserted ./fileset_dir/00152
Inserted at 2611Insert done
Not found
Inserted ./fileset_dir/00147
Inserted at 2583Insert done
Inserted ./fileset_dir/00206
Inserted at 3539Insert done
Not found
Inserted ./fileset_dir/00138
Inserted at 2551Insert done
Not found
Not found
Not found
Not found
Inserted ./fileset_dir/00110
Inserted at 2477Insert done
Not found
Not found
Inserted ./fileset_dir/00059
Inserted at 1529Insert done
Inserted ./fileset_dir/00137
Inserted at 2550Insert done
Inserted ./fileset_dir/00084
Inserted at 1623Insert done
Inserted ./fileset_dir/00075
Inserted at 1591Insert done
Not found
Inserted ./fileset_dir/00168
Inserted at 2650Insert done
Inserted ./fileset_dir/00008
Inserted at 1363Insert done
Not found
Inserted ./fileset_dir/00102
Inserted at 2446Insert done
Not found
Not found
Inserted ./fileset_dir/00171
Inserted at 2676Insert done
Not found
Not found
Not found
Not found
Inserted ./fileset_dir/00003
Inserted at 1358Insert done
Inserted ./fileset_dir/00121
Inserted at 2511Insert done
Inserted ./fileset_dir/00074
Inserted at 1590Insert done
Inserted ./fileset_dir/00015
Inserted at 1393Insert done
Not found
Not found
Inserted ./fileset_dir/00275
Inserted at 3769Insert done
Not found
Inserted ./fileset_dir/00248
Inserted at 3673Insert done
Inserted ./fileset_dir/00249
Inserted at 3674Insert done
Not found
found
Not found
Inserted ./fileset_dir/00290
Inserted at 3830Insert done
Not found
Not found
Not found
Inserted ./fileset_dir/00157
Inserted at 2616Insert done
Inserted ./fileset_dir/00259
Inserted at 3707Insert done
Inserted ./fileset_dir/00257
Inserted at 3705Insert done
Not found
Inserted ./fileset_dir/00316
Inserted at 661Insert done
Inserted ./fileset_dir/00298
Inserted at 3838Insert done
Not found
Inserted ./fileset_dir/00038
Inserted at 1462Insert done
Not found
Inserted ./fileset_dir/00202
Inserted at 3535Insert done
Not found
Inserted ./fileset_dir/00148
Inserted at 2584Insert done
Not found
Not found
Not found
Inserted ./fileset_dir/00090
Inserted at 1652Insert done
Inserted ./fileset_dir/00037
Inserted at 1461Insert done
Inserted ./fileset_dir/00296
Inserted at 3836Insert done
Not found
Inserted ./fileset_dir/00193
Inserted at 2744Insert done
Inserted ./fileset_dir/00117
Inserted at 2484Insert done
Not found
found
Not found
Inserted ./fileset_dir/00297
Inserted at 3837Insert done
Not found
Inserted ./fileset_dir/00118
Inserted at 2485Insert done
Not found
Not found
Not found
Not found
Inserted ./fileset_dir/00044
Inserted at 1491Insert done
Not found
Inserted ./fileset_dir/00185
Inserted at 2713Insert done
Inserted ./fileset_dir/00177
Inserted at 2682Insert done
Inserted ./fileset_dir/00120
Inserted at 2510Insert done
Inserted ./fileset_dir/00056
Inserted at 1526Insert done
Not found
Inserted ./fileset_dir/00222
Inserted at 3601Insert done
Not found
Not found
Inserted ./fileset_dir/00143
Inserted at 2579Insert done
Not found
found
Not found
Inserted ./fileset_dir/00226
Inserted at 3605Insert done
Not found
Inserted ./fileset_dir/00116
Inserted at 2483Insert done
Inserted ./fileset_dir/00252
Inserted at 3700Insert done
found
Not found
Not found
Not found
Inserted ./fileset_dir/00241
Inserted at 3666Insert done
Inserted ./fileset_dir/00048
Inserted at 1495Insert done
Not found
Not found
Inserted ./fileset_dir/00184
Inserted at 2712Insert done
Not found
Not found
Inserted ./fileset_dir/00205
Inserted at 3538Insert done
Inserted ./fileset_dir/00183
Inserted at 2711Insert done
Inserted ./fileset_dir/00281
Inserted at 3798Insert done
Not found
Not found
Inserted ./fileset_dir/00164
Inserted at 2646Insert done
Inserted ./fileset_dir/00165
Inserted at 2647Insert done
Not found
Not found
Inserted ./fileset_dir/00166
Inserted at 2648Insert done
Not found
found
Inserted ./fileset_dir/00312
Inserted at 657Insert done
Not found
Not found
Inserted ./fileset_dir/00256
Inserted at 3704Insert done
Not found
Inserted ./fileset_dir/00203
Inserted at 3536Insert done
Inserted ./fileset_dir/00292
Inserted at 3832Insert done
Inserted ./fileset_dir/00237
Inserted at 3639Insert done
Inserted ./fileset_dir/00079
Inserted at 1595Insert done
Not found
found
found
Inserted ./fileset_dir/00092
Inserted at 1654Insert done
Not found
found
Inserted ./fileset_dir/00124
Inserted at 2514Insert done
Not found
Not found
Not found
Inserted ./fileset_dir/00269
Inserted at 3740Insert done
Not found
Inserted ./fileset_dir/00240
Inserted at 3665Insert done
Not found
Inserted ./fileset_dir/00245
Inserted at 3670Insert done
Not found
Inserted ./fileset_dir/00151
Inserted at 2610Insert done
Not found
Inserted ./fileset_dir/00061
Inserted at 1554Insert done
Inserted ./fileset_dir/00158
Inserted at 2617Insert done
found
Inserted ./fileset_dir/00081
Inserted at 1620Insert done
Not found
Not found
Inserted ./fileset_dir/00093
Inserted at 1655Insert done
found
Not found
found
Inserted ./fileset_dir/00303
Inserted at 625Insert done
found
Not found
found
found
Inserted ./fileset_dir/00130
Inserted at 2543Insert done
Not found
Inserted ./fileset_dir/00278
Inserted at 3772Insert done
Not found
Not found
found
Inserted ./fileset_dir/00018
Inserted at 1396Insert done
Inserted ./fileset_dir/00087
Inserted at 1626Insert done
found
Not found
found
Inserted ./fileset_dir/00300
Inserted at 622Insert done
found
Not found
Inserted ./fileset_dir/00149
Inserted at 2585Insert done
Not found
found
Inserted ./fileset_dir/00223
Inserted at 3602Insert done
Inserted ./fileset_dir/00036
Inserted at 1460Insert done
Not found
Not found
Not found
Inserted ./fileset_dir/00063
Inserted at 1556Insert done
Not found
Inserted ./fileset_dir/00025
Inserted at 1426Insert done
Inserted ./fileset_dir/00170
Inserted at 2675Insert done
Inserted ./fileset_dir/00101
Inserted at 2445Insert done
Not found
Inserted ./fileset_dir/00005
Inserted at 1360Insert done
found
found
Inserted ./fileset_dir/00004
Inserted at 1359Insert done
Not found
Not found
Not found
Inserted ./fileset_dir/00055
Inserted at 1525Insert done
Inserted ./fileset_dir/00163
Inserted at 2645Insert done
found
Not found
Not found
Not found
found
Not found
Inserted ./fileset_dir/00066
Inserted at 1559Insert done
Inserted ./fileset_dir/00052
Inserted at 1522Insert done
Inserted ./fileset_dir/00286
Inserted at 3803Insert done
Inserted ./fileset_dir/00219
Inserted at 3575Insert done
found
found
Not found
Inserted ./fileset_dir/00307
Inserted at 629Insert done
Not found
Inserted ./fileset_dir/00267
Inserted at 3738Insert done
Not found
Inserted ./fileset_dir/00261
Inserted at 3732Insert done
found
found
Not found
Inserted ./fileset_dir/00242
Inserted at 3667Insert done
found
found
Not found
Not found
found
Not found
found
Not found
Inserted ./fileset_dir/00173
Inserted at 2678Insert done
Inserted ./fileset_dir/00291
Inserted at 3831Insert done
Inserted ./fileset_dir/00139
Inserted at 2552Insert done
Inserted ./fileset_dir/00255
Inserted at 3703Insert done
found
found
Inserted ./fileset_dir/00033
Inserted at 1457Insert done
Not found
Inserted ./fileset_dir/00180
Inserted at 2708Insert done
Not found
Inserted ./fileset_dir/00031
Inserted at 1455Insert done
Not found
Inserted ./fileset_dir/00169
Inserted at 2651Insert done
Not found
found
Not found
Not found
Not found
Not found
Inserted ./fileset_dir/00104
Inserted at 2448Insert done
Inserted ./fileset_dir/00314
Inserted at 659Insert done
Inserted ./fileset_dir/00016
Inserted at 1394Insert done
Inserted ./fileset_dir/00273
Inserted at 3767Insert done
found
Not found
Inserted ./fileset_dir/00264
Inserted at 3735Insert done
Not found
Inserted ./fileset_dir/00175
Inserted at 2680Insert done
found
found
Not found
Inserted ./fileset_dir/00064
Inserted at 1557Insert done
found
Not found
Inserted ./fileset_dir/00234
Inserted at 3636Insert done
Not found
Not found
found
Not found
Not found
Inserted ./fileset_dir/00009
Inserted at 1364Insert done
found
Inserted ./fileset_dir/00288
Inserted at 3805Insert done
Inserted ./fileset_dir/00186
Inserted at 2714Insert done
Not found
Inserted ./fileset_dir/00131
Inserted at 2544Insert done
Inserted ./fileset_dir/00111
Inserted at 2478Insert done
found
Not found
Inserted ./fileset_dir/00027
Inserted at 1428Insert done
found
found
Not found
Inserted ./fileset_dir/00050
Inserted at 1520Insert done
found
Not found
Inserted ./fileset_dir/00106
Inserted at 2450Insert done
Not found
Not found
found
found
found
found
found
found
Inserted ./fileset_dir/00230
Inserted at 3632Insert done
found
found
found
Not found
Inserted ./fileset_dir/00007
Inserted at 1362Insert done
Inserted ./fileset_dir/00154
Inserted at 2613Insert done
Not found
Inserted ./fileset_dir/00119
Inserted at 2486Insert done
Inserted ./fileset_dir/00023
Inserted at 1424Insert done
Not found
Inserted ./fileset_dir/00091
Inserted at 1653Insert done
found
Not found
Not found
Not found
Not found
Inserted ./fileset_dir/00042
Inserted at 1489Insert done
Inserted ./fileset_dir/00094
Inserted at 1656Insert done
Inserted ./fileset_dir/00167
Inserted at 2649Insert done
Not found
Inserted ./fileset_dir/00162
Inserted at 2644Insert done
Not found
Inserted ./fileset_dir/00294
Inserted at 3834Insert done
Inserted ./fileset_dir/00251
Inserted at 3699Insert done
found
found
Not found
Inserted ./fileset_dir/00069
Inserted at 1562Insert done
Not found
found
found
found
Inserted ./fileset_dir/00146
Inserted at 2582Insert done
Not found
found
Inserted ./fileset_dir/00301
Inserted at 623Insert done
Not found
found
Not found
Not found
Not found
found
Inserted ./fileset_dir/00214
Inserted at 3570Insert done
Inserted ./fileset_dir/00313
Inserted at 658Insert done
Not found
Not found
Inserted ./fileset_dir/00299
Inserted at 3839Insert done
Inserted ./fileset_dir/00057
Inserted at 1527Insert done
Inserted ./fileset_dir/00239
Inserted at 3641Insert done
found
Inserted ./fileset_dir/00174
Inserted at 2679Insert done
Inserted ./fileset_dir/00302
Inserted at 624Insert done
Not found
Not found
Not found
Not found
Inserted ./fileset_dir/00238
Inserted at 3640Insert done
found
Inserted ./fileset_dir/00140
Inserted at 2576Insert done
Not found
Not found
found
found
Not found
Inserted ./fileset_dir/00220
Inserted at 3599Insert done
found
Inserted ./fileset_dir/00144
Inserted at 2580Insert done
Inserted ./fileset_dir/00172
Inserted at 2677Insert done
Inserted ./fileset_dir/00070
Inserted at 1586Insert done
Not found
Not found
Not found
Inserted ./fileset_dir/00017
Inserted at 1395Insert done
found
Inserted ./fileset_dir/00210
Inserted at 3566Insert done
found
found
Not found
Not found
found
Not found
Inserted ./fileset_dir/00145
Inserted at 2581Insert done
Not found
Not found
Inserted ./fileset_dir/00141
Inserted at 2577Insert done
Inserted ./fileset_dir/00129
Inserted at 2519Insert done
Inserted ./fileset_dir/00209
Inserted at 3542Insert done
found
found
Not found
Not found
Not found
Inserted ./fileset_dir/00254
Inserted at 3702Insert done
Inserted ./fileset_dir/00189
Inserted at 2717Insert done
Inserted ./fileset_dir/00236
Inserted at 3638Insert done
found
Not found
Not found
Inserted ./fileset_dir/00021
Inserted at 1422Insert done
Inserted ./fileset_dir/00201
Inserted at 3534Insert done
Not found
Not found
found
Inserted ./fileset_dir/00058
Inserted at 1528Insert done
Not found
Inserted ./fileset_dir/00228
Inserted at 3607Insert done
Inserted ./fileset_dir/00115
Inserted at 2482Insert done
found
Not found
found
Inserted ./fileset_dir/00051
Inserted at 1521Insert done
Inserted ./fileset_dir/00283
Inserted at 3800Insert done
Not found
found
Not found
found
Inserted ./fileset_dir/00200
Inserted at 3533Insert done
Not found
Inserted ./fileset_dir/00196
Inserted at 2747Insert done
Not found
Not found
Inserted ./fileset_dir/00271
Inserted at 3765Insert done
found
found
Not found
Inserted ./fileset_dir/00156
Inserted at 2615Insert done
Not found
Not found
Inserted ./fileset_dir/00083
Inserted at 1622Insert done
Inserted ./fileset_dir/00310
Inserted at 655Insert done
Inserted ./fileset_dir/00293
Inserted at 3833Insert done
found
Inserted ./fileset_dir/00122
Inserted at 2512Insert done
Not found
Inserted ./fileset_dir/00215
Inserted at 3571Insert done
Not found
Inserted ./fileset_dir/00010
Inserted at 1388Insert done
Not found
Inserted ./fileset_dir/00192
Inserted at 2743Insert done
Inserted ./fileset_dir/00022
Inserted at 1423Insert done
found
Not found
found
Not found
Not found
Inserted ./fileset_dir/00112
Inserted at 2479Insert done
Not found
Not found
Inserted ./fileset_dir/00244
Inserted at 3669Insert done
found
Inserted ./fileset_dir/00304
Inserted at 626Insert done
found
Not found
Inserted ./fileset_dir/00103
Inserted at 2447Insert done
Not found
Inserted ./fileset_dir/00043
Inserted at 1490Insert done
Inserted ./fileset_dir/00265
Inserted at 3736Insert done
found
found
Inserted ./fileset_dir/00282
Inserted at 3799Insert done
found
Inserted ./fileset_dir/00000
Inserted at 1355Insert done
Not found
found
Inserted ./fileset_dir/00208
Inserted at 3541Insert done
found
Inserted ./fileset_dir/00197
Inserted at 2748Insert done
found
found
found
found
Not found
found
Not found
found
Inserted ./fileset_dir/00285
Inserted at 3802Insert done
Not found
found
Not found
found
found
Not found
Not found
found
Not found
Inserted ./fileset_dir/00233
Inserted at 3635Insert done
found
Not found
Inserted ./fileset_dir/00153
Inserted at 2612Insert done
found
Inserted ./fileset_dir/00211
Inserted at 3567Insert done
Inserted ./fileset_dir/00080
Inserted at 1619Insert done
found
Not found
Inserted ./fileset_dir/00308
Inserted at 630Insert done
found
Not found
Not found
Inserted ./fileset_dir/00142
Inserted at 2578Insert done
found
Inserted ./fileset_dir/00065
Inserted at 1558Insert done
Not found
found
found
found
Inserted ./fileset_dir/00072
Inserted at 1588Insert done
Not found
Not found
Not found
found
Inserted ./fileset_dir/00289
Inserted at 3806Insert done
evict
Inserted ./fileset_dir/00034
Inserted at 1458Insert done
Not found
found
Not found
Not found
Not found
found
Inserted ./fileset_dir/00284
Inserted at 3801Insert done
evict
found
Not found
evict
Not found
found
Not found
Inserted ./fileset_dir/00013
Inserted at 1391Insert done
Inserted ./fileset_dir/00260
Inserted at 3731Insert done
evict
Not found
Inserted ./fileset_dir/00263
Inserted at 3734Insert done
Not found
found
found
found
evict
Inserted ./fileset_dir/00040
Inserted at 1487Insert done
Not found
found
found
found
found
evict
Inserted ./fileset_dir/00182
Inserted at 2710Insert done
evict
Inserted ./fileset_dir/00099
Inserted at 1661Insert done
Inserted ./fileset_dir/00135
Inserted at 2548Insert done
found
found
Not found
found
Not found
evict
Inserted ./fileset_dir/00179
Inserted at 2684Insert done
found
found
found
Inserted ./fileset_dir/00277
Inserted at 3771Insert done
Not found
found
Not found
found
Not found
Not found
found
found
found
evict
Inserted ./fileset_dir/00311
Inserted at 656Insert done
evict
Not found
Inserted ./fileset_dir/00127
Inserted at 2517Insert done
evict
found
found
Not found
Inserted ./fileset_dir/00207
Inserted at 3540Insert done
found
found
found
found
found
found
Not found
evict
Inserted ./fileset_dir/00001
Inserted at 1356Insert done
found
evict
Inserted ./fileset_dir/00191
Inserted at 2742Insert done
Not found
Not found
found
found
found
found
found
found
found
Not found
Not found
evict
Inserted ./fileset_dir/00054
Inserted at 1524Insert done
found
found
found
Inserted ./fileset_dir/00076
Inserted at 1592Insert done
found
found
found
found
Not found
evict
Not found
evict
Inserted ./fileset_dir/00128
Inserted at 2518Insert done
found
Not found
evict
found
Not found
Not found
found
found
Not found
Not found
Inserted ./fileset_dir/00071
Inserted at 1587Insert done
found
found
evict
Inserted ./fileset_dir/00224
Inserted at 3603Insert done
Not found
found
found
Not found
found
evict
Inserted ./fileset_dir/00019
Inserted at 1397Insert done
Not found
found
evict
Inserted ./fileset_dir/00026
Inserted at 1427Insert done
evict
Inserted ./fileset_dir/00107
Inserted at 2451Insert done
evict
Inserted ./fileset_dir/00204
Inserted at 3537Insert done
found
found
Not found
found
Inserted ./fileset_dir/00279
Inserted at 3773Insert done
found
Inserted ./fileset_dir/00306
Inserted at 628Insert done
Not found
Not found
found
Inserted ./fileset_dir/00249
Inserted at 3674Insert done
Not found
found
evict
found
found
Not found
found
Inserted ./fileset_dir/00132
Inserted at 2545Insert done
found
Inserted ./fileset_dir/00015
Inserted at 1393Insert done
Not found
Not found
found
Not found
evict
Inserted ./fileset_dir/00088
Inserted at 1627Insert done
Not found
evict
found
found
Inserted ./fileset_dir/00030
Inserted at 1454Insert done
found
Not found
found
found
found
found
found
evict
Inserted ./fileset_dir/00227
Inserted at 3606Insert done
evict
Inserted ./fileset_dir/00253
Inserted at 3701Insert done
Not found
found
Not found
found
Not found
found
found
Inserted ./fileset_dir/00193
Inserted at 2744Insert done
evict
found
found
found
found
found
Inserted ./fileset_dir/00147
Inserted at 2583Insert done
found
evict
Inserted ./fileset_dir/00113
Inserted at 2480Insert done
found
found
Not found
Not found
found
Not found
found
found
evict
Inserted ./fileset_dir/00198
Inserted at 2749Insert done
found
Not found
Inserted ./fileset_dir/00168
Inserted at 2650Insert done
evict
Inserted ./fileset_dir/00044
Inserted at 1491Insert done
found
found
found
Not found
found
found
found
Not found
found
found
Not found
found
found
Not found
evict
Inserted ./fileset_dir/00272
Inserted at 3766Insert done
found
found
found
Not found
found
Inserted ./fileset_dir/00068
Inserted at 1561Insert done
Not found
Not found
found
evict
Inserted ./fileset_dir/00161
Inserted at 2643Insert done
found
evict
Inserted ./fileset_dir/00275
Inserted at 3769Insert done
Inserted ./fileset_dir/00280
Inserted at 3797Insert done
found
found
found
Not found
found
Not found
Inserted ./fileset_dir/00217
Inserted at 3573Insert done
found
Not found
Not found
evict
Inserted ./fileset_dir/00262
Inserted at 3733Insert done
Not found
Not found
Not found
evict
Inserted ./fileset_dir/00108
Inserted at 2452Insert done
found
Not found
evict
Inserted ./fileset_dir/00206
Inserted at 3539Insert done
Not found
Inserted ./fileset_dir/00178
Inserted at 2683Insert done
found
Not found
found
Inserted ./fileset_dir/00060
Inserted at 1553Insert done
evict
Inserted ./fileset_dir/00046
Inserted at 1493Insert done
evict
found
found
found
Not found
Inserted ./fileset_dir/00055
Inserted at 1525Insert done
found
found
found
found
Not found
found
evict
Not found
found
Not found
found
Not found
evict
Inserted ./fileset_dir/00212
Inserted at 3568Insert done
Not found
found
Not found
found
Inserted ./fileset_dir/00093
Inserted at 1655Insert done
Inserted ./fileset_dir/00159
Inserted at 2618Insert done
Not found
found
found
Inserted ./fileset_dir/00229
Inserted at 3608Insert done
Not found
Inserted ./fileset_dir/00130
Inserted at 2543Insert done
found
found
found
Not found
evict
found
Inserted ./fileset_dir/00305
Inserted at 627Insert done
Inserted ./fileset_dir/00231
Inserted at 3633Insert done
found
found
found
found
Inserted ./fileset_dir/00062
Inserted at 1555Insert done
found
found
found
evict
Inserted ./fileset_dir/00223
Inserted at 3602Insert done
found
found
found
evict
Inserted ./fileset_dir/00002
Inserted at 1357Insert done
found
found
Not found
found
Not found
found
Not found
Not found
found
evict
found
Not found
Inserted ./fileset_dir/00061
Inserted at 1554Insert done
found
found
Not found
Not found
Not found
Not found
evict
Inserted ./fileset_dir/00049
Inserted at 1496Insert done
Inserted ./fileset_dir/00038
Inserted at 1462Insert done
Not found
found
Inserted ./fileset_dir/00270
Inserted at 3764Insert done
found
found
found
evict
Not found
found
found
found
evict
Inserted ./fileset_dir/00241
Inserted at 3666Insert done
Inserted ./fileset_dir/00194
Inserted at 2745Insert done
found
found
evict
Inserted ./fileset_dir/00221
Inserted at 3600Insert done
found
evict
found
found
found
found
found
found
found
Not found
Not found
Inserted ./fileset_dir/00267
Inserted at 3738Insert done
found
Not found
Not found
found
found
found
Not found
found
found
found
found
found
found
Not found
found
Inserted ./fileset_dir/00190
Inserted at 2741Insert done
found
found
Inserted ./fileset_dir/00187
Inserted at 2715Insert done
evict
found
found
found
found
found
Not found
Inserted ./fileset_dir/00096
Inserted at 1658Insert done
evict
Inserted ./fileset_dir/00164
Inserted at 2646Insert done
found
Not found
found
Not found
Not found
found
found
Not found
Not found
found
evict
Inserted ./fileset_dir/00039
Inserted at 1463Insert done
found
evict
Inserted ./fileset_dir/00134
Inserted at 2547Insert done
found
Not found
found
found
Inserted ./fileset_dir/00219
Inserted at 3575Insert done
found
Not found
evict
Not found
found
evict
Inserted ./fileset_dir/00237
Inserted at 3639Insert done
Not found
found
evict
Inserted ./fileset_dir/00084
Inserted at 1623Insert done
evict
Inserted ./fileset_dir/00118
Inserted at 2485Insert done
found
found
found
found
found
found
found
Inserted ./fileset_dir/00011
Inserted at 1389Insert done
found
found
Inserted ./fileset_dir/00105
Inserted at 2449Insert done
found
found
found
Not found
evict
Not found
Inserted ./fileset_dir/00243
Inserted at 3668Insert done
found
Not found
found
found
found
found
found
Not found
found
found
found
Inserted ./fileset_dir/00012
Inserted at 1390Insert done
Not found
found
Inserted ./fileset_dir/00064
Inserted at 1557Insert done
found
found
found
found
evict
Inserted ./fileset_dir/00014
Inserted at 1392Insert done
found
Inserted ./fileset_dir/00006
Inserted at 1361Insert done
evict
Inserted ./fileset_dir/00045
Inserted at 1492Insert done
found
found
found
Not found
found
Not found
Not found
found
found
found
found
Not found
Not found
found
Not found
Not found
Inserted ./fileset_dir/00089
Inserted at 1628Insert done
found
evict
Inserted ./fileset_dir/00094
Inserted at 1656Insert done
Not found
found
found
found
Inserted ./fileset_dir/00067
Inserted at 1560Insert done
found
found
found
evict
found
found
evict
Inserted ./fileset_dir/00163
Inserted at 2645Insert done
found
found
Not found
found
Inserted ./fileset_dir/00007
Inserted at 1362Insert done
found
found
found
found
Not found
evict
Inserted ./fileset_dir/00028
Inserted at 1429Insert done
Not found
Not found
found
found
found
found
found
found
found
found
found
evict
found
found
Inserted ./fileset_dir/00312
Inserted at 657Insert done
found
found
evict
Inserted ./fileset_dir/00281
Inserted at 3798Insert done
found
found
found
found
Not found
Not found
evict
found
found
Not found
found
found
found
found
found
Not found
found
Not found
found
Inserted ./fileset_dir/00018
Inserted at 1396Insert done
found
Not found
Inserted ./fileset_dir/00235
Inserted at 3637Insert done
found
found
found
Not found
found
Inserted ./fileset_dir/00106
Inserted at 2450Insert done
Not found
found
evict
Inserted ./fileset_dir/00155
Inserted at 2614Insert done
found
evict
found
found
Not found
Not found
found
Inserted ./fileset_dir/00315
Inserted at 660Insert done
Not found
Not found
found
evict
Not found
found
found
found
Not found
found
found
found
evict
evict
Inserted ./fileset_dir/00098
Inserted at 1660Insert done
found
Inserted ./fileset_dir/00077
Inserted at 1593Insert done
found
found
Not found
Not found
found
evict
Inserted ./fileset_dir/00257
Inserted at 3705Insert done
found
found
Not found
evict
Inserted ./fileset_dir/00291
Inserted at 3831Insert done
found
found
found
evict
Inserted ./fileset_dir/00266
Inserted at 3737Insert done
Not found
found
found
Not found
found
found
evict
Not found
found
evict
found
Inserted ./fileset_dir/00086
Inserted at 1625Insert done
found
found
evict
evict
Inserted ./fileset_dir/00050
Inserted at 1520Insert done
found
found
found
Inserted ./fileset_dir/00149
Inserted at 2585Insert done
found
found
found
found
found
found
found
found
found
found
found
found
found
found
found
found
found
found
Not found
Not found
found
Not found
Not found
found
Not found
Not found
found
found
found
Not found
Not found
Inserted ./fileset_dir/00053
Inserted at 1523Insert done
evict
evict
Inserted ./fileset_dir/00250
Inserted at 3698Insert done
Inserted ./fileset_dir/00185
Inserted at 2713Insert done
found
found
Not found
found
found
found
Not found
evict
Inserted ./fileset_dir/00314
Inserted at 659Insert done
Not found
evict
Inserted ./fileset_dir/00010
Inserted at 1388Insert done
found
found
found
found
Not found
found
evict
Inserted ./fileset_dir/00271
Inserted at 3765Insert done
found
found
found
found
Not found
found
Not found
Not found
evict
found
Inserted ./fileset_dir/00027
Inserted at 1428Insert done
found
found
Not found
found
found
evict
found
found
evict
Inserted ./fileset_dir/00075
Inserted at 1591Insert done
Not found
Not found
Not found
found
Not found
evict
evict
found
found
found
found
Not found
found
evict
found
Not found
Inserted ./fileset_dir/00047
Inserted at 1494Insert done
Inserted ./fileset_dir/00097
Inserted at 1659Insert done
found
Not found
Not found
found
found
found
evict
found
found
found
found
Not found
Inserted ./fileset_dir/00215
Inserted at 3571Insert done
Not found
found
found
Inserted ./fileset_dir/00201
Inserted at 3534Insert done
found
found
Not found
Not found
Not found
evict
Inserted ./fileset_dir/00239
Inserted at 3641Insert done
evict
Inserted ./fileset_dir/00247
Inserted at 3672Insert done
Not found
Not found
Not found
evict
Inserted ./fileset_dir/00037
Inserted at 1461Insert done
Inserted ./fileset_dir/00029
Inserted at 1430Insert done
found
evict
Inserted ./fileset_dir/00199
Inserted at 2750Insert done
Not found
Not found
found
Inserted ./fileset_dir/00233
Inserted at 3635Insert done
evict
Inserted ./fileset_dir/00246
Inserted at 3671Insert done
evict
Inserted ./fileset_dir/00138
Inserted at 2551Insert done
found
Not found
found
Not found
found
found
found
Not found
Inserted ./fileset_dir/00284
Inserted at 3801Insert done
found
evict
found
Not found
found
Not found
evict
Inserted ./fileset_dir/00123
Inserted at 2513Insert done
found
evict
Not found
evict
Inserted ./fileset_dir/00300
Inserted at 622Insert done
found
found
found
found
Not found
found
Not found
Not found
evict
Inserted ./fileset_dir/00213
Inserted at 3569Insert done
evict
Inserted ./fileset_dir/00240
Inserted at 3665Insert done
Not found
found
found
found
found
Not found
Not found
evict
Inserted ./fileset_dir/00222
Inserted at 3601Insert done
evict
Inserted ./fileset_dir/00004
Inserted at 1359Insert done
Inserted ./fileset_dir/00065
Inserted at 1558Insert done
evict
Inserted ./fileset_dir/00020
Inserted at 1421Insert done
found
found
found
found
found
found
found
found
evict
Inserted ./fileset_dir/00107
Inserted at 2451Insert done
Not found
Not found
found
Inserted ./fileset_dir/00225
Inserted at 3604Insert done
found
evict
Inserted ./fileset_dir/00095
Inserted at 1657Insert done
found
found
found
found
found
found
found
found
found
Inserted ./fileset_dir/00040
Inserted at 1487Insert done
Inserted ./fileset_dir/00287
Inserted at 3804Insert done
Not found
found
Not found
found
found
found
found
found
Not found
found
Not found
found
Not found
found
Not found
found
found
Inserted ./fileset_dir/00207
Inserted at 3540Insert done
found
found
found
found
found
Inserted ./fileset_dir/00304
Inserted at 626Insert done
found
Inserted ./fileset_dir/00285
Inserted at 3802Insert done
Not found
Not found
Not found
found
Inserted ./fileset_dir/00150
Inserted at 2609Insert done
found
Inserted ./fileset_dir/00230
Inserted at 3632Insert done
Inserted ./fileset_dir/00142
Inserted at 2578Insert done
Not found
found
found
found
found
Not found
Not found
found
found
evict
evict
Inserted ./fileset_dir/00085
Inserted at 1624Insert done
Inserted ./fileset_dir/00268
Inserted at 3739Insert done
found
found
found
found
found
evict
Not found
Inserted ./fileset_dir/00256
Inserted at 3704Insert done
evict
found
found
found
found
found
found
Not found
found
found
found
evict
Inserted ./fileset_dir/00151
Inserted at 2610Insert done
found
found
found
found
Not found
Not found
evict
Inserted ./fileset_dir/00129
Inserted at 2519Insert done
evict
Inserted ./fileset_dir/00193
Inserted at 2744Insert done
evict
found
found
found
found
found
found
found
found
found
found
Not found
Inserted ./fileset_dir/00078
Inserted at 1594Insert done
found
found
found
found
found
Not found
evict
Not found
evict
Inserted ./fileset_dir/00276
Inserted at 3770Insert done
found
found
found
Not found
found
Not found
found
found
found
found
found
evict
Inserted ./fileset_dir/00072
Inserted at 1588Insert done
Not found
found
found
found
found
found
found
found
evict
found
found
found
found
found
found
found
found
found
Not found
found
Inserted ./fileset_dir/00008
Inserted at 1363Insert done
Not found
Not found
found
found
found
found
found
found
found
Not found
Not found
found
Not found
found
found
found
evict
Inserted ./fileset_dir/00133
Inserted at 2546Insert done
found
Not found
Not found
Inserted ./fileset_dir/00025
Inserted at 1426Insert done
evict
evict
Inserted ./fileset_dir/00296
Inserted at 3836Insert done
found
found
evict
Inserted ./fileset_dir/00091
Inserted at 1653Insert done
found
found
Not found
found
found
evict
found
found
found
Not found
Not found
Inserted ./fileset_dir/00013
Inserted at 1391Insert done
found
found
Inserted ./fileset_dir/00195
Inserted at 2746Insert done
Not found
found
Not found
evict
Not found
Inserted ./fileset_dir/00206
Inserted at 3539Insert done
Not found
found
evict
Inserted ./fileset_dir/00303
Inserted at 625Insert done
found
found
Not found
found
evict
Inserted ./fileset_dir/00059
Inserted at 1529Insert done
evict
found
Not found
evict
Inserted ./fileset_dir/00188
Inserted at 2716Insert done
found
found
found
found
evict
Inserted ./fileset_dir/00306
Inserted at 628Insert done
found
found
found
found
found
found
Not found
Not found
found
found
found
evict
Inserted ./fileset_dir/00292
Inserted at 3832Insert done
Not found
Not found
evict
Inserted ./fileset_dir/00181
Inserted at 2709Insert done
Not found
found
found
Not found
Not found
found
evict
Inserted ./fileset_dir/00261
Inserted at 3732Insert done
found
Not found
found
Inserted ./fileset_dir/00262
Inserted at 3733Insert done
Inserted ./fileset_dir/00226
Inserted at 3605Insert done
evict
found
found
Not found
Inserted ./fileset_dir/00169
Inserted at 2651Insert done
Not found
Not found
Inserted ./fileset_dir/00290
Inserted at 3830Insert done
found
evict
Inserted ./fileset_dir/00166
Inserted at 2648Insert done
found
found
found
Not found
found
found
found
Inserted ./fileset_dir/00126
Inserted at 2516Insert done
found
Inserted ./fileset_dir/00224
Inserted at 3603Insert done
evict
Not found
found
found
found
found
found
found
found
evict
Inserted ./fileset_dir/00211
Inserted at 3567Insert done
found
found
found
found
found
Not found
found
found
found
Not found
evict
Not found
Not found
Not found
found
found
found
found
found
found
Inserted ./fileset_dir/00293
Inserted at 3833Insert done
found
Not found
found
found
Not found
found
found
Inserted ./fileset_dir/00016
Inserted at 1394Insert done
found
evict
Inserted ./fileset_dir/00136
Inserted at 2549Insert done
evict
found
found
found
found
found
Not found
evict
Inserted ./fileset_dir/00082
Inserted at 1621Insert done
Not found
Inserted ./fileset_dir/00011
Inserted at 1389Insert done
found
found
found
Not found
found
found
found
found
found
Not found
found
found
evict
Inserted ./fileset_dir/00263
Inserted at 3734Insert done
found
found
Not found
evict
Inserted ./fileset_dir/00274
Inserted at 3768Insert done
Not found
Not found
Not found
found
Not found
evict
Inserted ./fileset_dir/00128
Inserted at 2518Insert done
found
Not found
evict
found
found
found
evict
Inserted ./fileset_dir/00241
Inserted at 3666Insert done
Not found
found
evict
Inserted ./fileset_dir/00172
Inserted at 2677Insert done
Not found
evict
found
evict
Inserted ./fileset_dir/00143
Inserted at 2579Insert done
found
found
found
evict
found
found
found
found
found
found
found
found
found
found
Not found
found
found
found
found
found
found
found
found
found
found
found
found
found
found
found
Not found
Not found
Inserted ./fileset_dir/00109
Inserted at 2453Insert done
evict
Not found
found
found
found
found
evict
found
found
found
found
found
found
found
found
found
found
found
Inserted ./fileset_dir/00302
Inserted at 624Insert done
found
found
evict
evict
found
found
found
found
found
Not found
found
found
found
Not found
Not found
Not found
found
found
Not found
found
found
found
Not found
found
found
found
Inserted ./fileset_dir/00036
Inserted at 1460Insert done
found
evict
found
found
Inserted ./fileset_dir/00227
Inserted at 3606Insert done
Inserted ./fileset_dir/00156
Inserted at 2615Insert done
found
found
found
found
found
Not found
evict
Inserted ./fileset_dir/00203
Inserted at 3536Insert done
found
evict
Inserted ./fileset_dir/00084
Inserted at 1623Insert done
found
found
found
Not found
found
found
found
found
found
found
found
found
found
Not found
Not found
found
Not found
found
found
evict
Inserted ./fileset_dir/00076
Inserted at 1592Insert done
found
found
found
found
Not found
found
found
found
found
found
Not found
evict
Inserted ./fileset_dir/00220
Inserted at 3599Insert done
found
evict
found
found
evict
Inserted ./fileset_dir/00298
Inserted at 3838Insert done
Not found
Not found
found
found
evict
Inserted ./fileset_dir/00236
Inserted at 3638Insert done
evict
Not found
Not found
found
Not found
found
found
found
found
evict
Inserted ./fileset_dir/00090
Inserted at 1652Insert done
Inserted ./fileset_dir/00009
Inserted at 1364Insert done
found
found
evict
Inserted ./fileset_dir/00032
Inserted at 1456Insert done
Not found
found
found
found
Inserted ./fileset_dir/00007
Inserted at 1362Insert done
evict
Inserted ./fileset_dir/00116
Inserted at 2483Insert done
Not found
found
found
evict
Inserted ./fileset_dir/00068
Inserted at 1561Insert done
found
found
found
found
found
found
found
found
Inserted ./fileset_dir/00311
Inserted at 656Insert done
found
found
found
Not found
Not found
evict
Inserted ./fileset_dir/00255
Inserted at 3703Insert done
found
Not found
found
found
found
found
found
found
found
found
found
found
Not found
Not found
Not found
found
evict
Inserted ./fileset_dir/00125
Inserted at 2515Insert done
evict
found
found
evict
found
found
found
found
found
found
found
Inserted ./fileset_dir/00124
Inserted at 2514Insert done
found
found
found
evict
found
evict
found
found
found
found
found
found
found
Not found
found
found
found
Not found
Not found
found
Not found
found
found
found
found
found
found
found
found
found
found
evict
found
found
Not found
Not found
found
Not found
Inserted ./fileset_dir/00305
Inserted at 627Insert done
found
found
Inserted ./fileset_dir/00312
Inserted at 657Insert done
Inserted ./fileset_dir/00113
Inserted at 2480Insert done
found
Not found
Not found
Not found
Not found
Inserted ./fileset_dir/00030
Inserted at 1454Insert done
evict
found
Not found
Inserted ./fileset_dir/00272
Inserted at 3766Insert done
found
evict
Inserted ./fileset_dir/00266
Inserted at 3737Insert done
Inserted ./fileset_dir/00202
Inserted at 3535Insert done
evict
found
found
Not found
evict
Not found
Inserted ./fileset_dir/00021
Inserted at 1422Insert done
found
found
found
found
Not found
Not found
found
found
found
found
found
found
found
evict
Not found
found
found
found
Inserted ./fileset_dir/00314
Inserted at 659Insert done
found
evict
found
Not found
found
Not found
found
Inserted ./fileset_dir/00064
Inserted at 1557Insert done
found
found
found
Not found
found
found
found
found
Not found
found
found
Not found
evict
found
evict
Inserted ./fileset_dir/00232
Inserted at 3634Insert done
found
found
found
found
Inserted ./fileset_dir/00265
Inserted at 3736Insert done
found
found
found
found
Not found
evict
Inserted ./fileset_dir/00252
Inserted at 3700Insert done
found
found
found
Not found
found
found
evict
found
found
Not found
found
found
found
found
Not found
found
found
found
Not found
found
found
evict
found
found
evict
Inserted ./fileset_dir/00295
Inserted at 3835Insert done
found
found
found
found
Not found
Not found
found
evict
Inserted ./fileset_dir/00117
Inserted at 2484Insert done
found
found
found
found
Not found
found
found
found
Not found
evict
Inserted ./fileset_dir/00158
Inserted at 2617Insert done
evict
Inserted ./fileset_dir/00110
Inserted at 2477Insert done
found
Not found
found
found
evict
Inserted ./fileset_dir/00176
Inserted at 2681Insert done
found
Not found
found
found
found
Not found
Not found
Not found
Not found
evict
Inserted ./fileset_dir/00050
Inserted at 1520Insert done
found
evict
Not found
evict
evict
Inserted ./fileset_dir/00111
Inserted at 2478Insert done
found
Inserted ./fileset_dir/00139
Inserted at 2552Insert done
found
evict
found
Not found
Inserted ./fileset_dir/00285
Inserted at 3802Insert done
Not found
found
found
found
found
found
found
found
Not found
Not found
found
evict
Inserted ./fileset_dir/00174
Inserted at 2679Insert done
found
found
Not found
Not found
evict
Inserted ./fileset_dir/00196
Inserted at 2747Insert done
Not found
evict
Inserted ./fileset_dir/00170
Inserted at 2675Insert done
found
found
found
Inserted ./fileset_dir/00074
Inserted at 1590Insert done
found
Inserted ./fileset_dir/00243
Inserted at 3668Insert done
found
Not found
found
found
Not found
Inserted ./fileset_dir/00180
Inserted at 2708Insert done
Not found
found
found
Inserted ./fileset_dir/00100
Inserted at 2444Insert done
found
found
found
found
found
found
found
found
found
found
evict
found
Inserted ./fileset_dir/00132
Inserted at 2545Insert done
found
Not found
found
Not found
found
found
evict
Inserted ./fileset_dir/00270
Inserted at 3764Insert done
Not found
found
found
found
found
found
found
found
found
evict
found
found
found
evict
found
Inserted ./fileset_dir/00286
Inserted at 3803Insert done
found
found
found
Not found
found
Not found
Not found
found
found
found
Not found
Not found
found
found
found
found
Not found
Inserted ./fileset_dir/00041
Inserted at 1488Insert done
found
Not found
evict
Inserted ./fileset_dir/00200
Inserted at 3533Insert done
evict
Not found
found
found
Inserted ./fileset_dir/00054
Inserted at 1524Insert done
evict
Inserted ./fileset_dir/00216
Inserted at 3572Insert done
Not found
found
found
found
found
found
found
evict
Inserted ./fileset_dir/00162
Inserted at 2644Insert done
Inserted ./fileset_dir/00239
Inserted at 3641Insert done
Not found
evict
Inserted ./fileset_dir/00192
Inserted at 2743Insert done
found
found
Not found
Not found
Not found
found
found
evict
Not found
found
found
found
found
found
found
found
found
evict
Inserted ./fileset_dir/00061
Inserted at 1554Insert done
evict
Inserted ./fileset_dir/00096
Inserted at 1658Insert done
found
found
found
Not found
found
evict
Inserted ./fileset_dir/00187
Inserted at 2715Insert done
found
found
found
found
found
found
Not found
evict
Inserted ./fileset_dir/00307
Inserted at 629Insert done
Not found
evict
Inserted ./fileset_dir/00086
Inserted at 1625Insert done
found
Not found
found
Inserted ./fileset_dir/00058
Inserted at 1528Insert done
Not found
found
found
found
found
found
found
found
Inserted ./fileset_dir/00107
Inserted at 2451Insert done
found
found
found
found
found
Not found
Not found
Inserted ./fileset_dir/00213
Inserted at 3569Insert done
Inserted ./fileset_dir/00210
Inserted at 3566Insert done
Not found
found
found
Not found
found
found
Not found
found
found
found
Inserted ./fileset_dir/00057
Inserted at 1527Insert done
found
found
Not found
Inserted ./fileset_dir/00168
Inserted at 2650Insert done
Inserted ./fileset_dir/00130
Inserted at 2543Insert done
found
Not found
Inserted ./fileset_dir/00024
Inserted at 1425Insert done
found
found
found
Not found
found
found
found
evict
Not found
found
found
found
evict
found
Not found
Not found
evict
Inserted ./fileset_dir/00297
Inserted at 3837Insert done
Not found
evict
found
found
evict
found
found
Not found
found
Not found
found
Inserted ./fileset_dir/00095
Inserted at 1657Insert done
found
Not found
evict
Not found
found
Not found
found
Inserted ./fileset_dir/00039
Inserted at 1463Insert done
found
Inserted ./fileset_dir/00268
Inserted at 3739Insert done
found
Inserted ./fileset_dir/00044
Inserted at 1491Insert done
found
found
Not found
found
found
found
evict
Inserted ./fileset_dir/00194
Inserted at 2745Insert done
found
found
found
evict
evict
found
Not found
found
found
found
Not found
found
found
Inserted ./fileset_dir/00102
Inserted at 2446Insert done
Not found
found
found
found
Not found
Not found
found
found
found
Not found
found
found
found
evict
Inserted ./fileset_dir/00106
Inserted at 2450Insert done
Not found
found
Inserted ./fileset_dir/00231
Inserted at 3633Insert done
found
found
found
found
evict
Inserted ./fileset_dir/00304
Inserted at 626Insert done
found
found
Not found
evict
found
found
found
found
found
Not found
evict
found
found
Not found
evict
found
found
Inserted ./fileset_dir/00027
Inserted at 1428Insert done
found
found
found
found
found
found
Inserted ./fileset_dir/00208
Inserted at 3541Insert done
Not found
evict
Inserted ./fileset_dir/00150
Inserted at 2609Insert done
found
found
Not found
found
found
found
evict
Inserted ./fileset_dir/00219
Inserted at 3575Insert done
found
found
found
found
Not found
found
found
found
found
found
found
found
Not found
Not found
found
found
found
found
Not found
evict
found
found
found
found
found
evict
found
found
found
found
found
Inserted ./fileset_dir/00112
Inserted at 2479Insert done
found
evict
found
found
Not found
evict
Not found
Not found
found
found
found
Inserted ./fileset_dir/00209
Inserted at 3542Insert done
Not found
found
found
found
found
Inserted ./fileset_dir/00254
Inserted at 3702Insert done
Inserted ./fileset_dir/00207
Inserted at 3540Insert done
Not found
evict
Inserted ./fileset_dir/00101
Inserted at 2445Insert done
found
Not found
found
found
found
found
found
Not found
found
found
found
found
found
evict
Inserted ./fileset_dir/00278
Inserted at 3772Insert done
found
found
found
found
found
found
Not found
found
found
evict
found
found
found
found
found
found
Not found
found
found
Inserted ./fileset_dir/00148
Inserted at 2584Insert done
found
found
Not found
found
found
found
evict
Inserted ./fileset_dir/00197
Inserted at 2748Insert done
evict
Inserted ./fileset_dir/00165
Inserted at 2647Insert done
found
found
found
found
found
evict
found
Not found
Not found
found
Not found
Not found
found
found
found
Not found
Not found
found
Not found
Not found
evict
Inserted ./fileset_dir/00296
Inserted at 3836Insert done
evict
Inserted ./fileset_dir/00088
Inserted at 1627Insert done
evict
Inserted ./fileset_dir/00163
Inserted at 2645Insert done
Not found
found
found
evict
Inserted ./fileset_dir/00138
Inserted at 2551Insert done
found
evict
found
found
found
found
Not found
Not found
Not found
Inserted ./fileset_dir/00161
Inserted at 2643Insert done
found
Not found
found
Not found
evict
evict
Inserted ./fileset_dir/00098
Inserted at 1660Insert done
found
found
Not found
Not found
evict
Inserted ./fileset_dir/00070
Inserted at 1586Insert done
found
found
found
evict
Inserted ./fileset_dir/00056
Inserted at 1526Insert done
evict
Inserted ./fileset_dir/00147
Inserted at 2583Insert done
found
Inserted ./fileset_dir/00037
Inserted at 1461Insert done
found
found
found
found
found
found
found
found
evict
Inserted ./fileset_dir/00051
Inserted at 1521Insert done
Not found
found
evict
Inserted ./fileset_dir/00177
Inserted at 2682Insert done
found
found
Not found
found
found
found
Not found
found
found
found
found
found
found
found
Not found
found
Not found
found
evict
found
Inserted ./fileset_dir/00103
Inserted at 2447Insert done
found
found
evict
Inserted ./fileset_dir/00059
Inserted at 1529Insert done
found
found
found
Not found
found
found
found
Inserted ./fileset_dir/00094
Inserted at 1656Insert done
evict
Inserted ./fileset_dir/00233
Inserted at 3635Insert done
Not found
found
found
Not found
found
found
Not found
found
Not found
found
Not found
found
found
Not found
evict
found
found
Inserted ./fileset_dir/00137
Inserted at 2550Insert done
evict
found
found
Not found
Inserted ./fileset_dir/00301
Inserted at 623Insert done
Inserted ./fileset_dir/00227
Inserted at 3606Insert done
Not found
evict
Inserted ./fileset_dir/00069
Inserted at 1562Insert done
found
found
found
found
found
found
found
evict
Not found
found
Not found
found
Not found
found
found
found
evict
Inserted ./fileset_dir/00303
Inserted at 625Insert done
found
found
found
found
found
Inserted ./fileset_dir/00140
Inserted at 2576Insert done
found
evict
Inserted ./fileset_dir/00052
Inserted at 1522Insert done
Inserted ./fileset_dir/00026
Inserted at 1427Insert done
found
found
found
found
found
found
found
found
found
found
found
found
found
found
found
found
found
Not found
found
Not found
found
Not found
found
Not found
evict
Inserted ./fileset_dir/00257
Inserted at 3705Insert done
evict
found
found
evict
Inserted ./fileset_dir/00078
Inserted at 1594Insert done
found
Not found
found
found
evict
found
found
found
Inserted ./fileset_dir/00203
Inserted at 3536Insert done
found
Not found
Not found
found
found
found
found
found
evict
Inserted ./fileset_dir/00092
Inserted at 1654Insert done
evict
Inserted ./fileset_dir/00189
Inserted at 2717Insert done
found
found
found
found
found
found
found
found
Not found
found
found
found
found
found
found
found
found
Not found
found
found
found
found
found
found
found
found
found
found
Not found
found
Not found
found
found
found
found
Inserted ./fileset_dir/00283
Inserted at 3800Insert done
found
found
Not found
found
Not found
found
found
found
evict
Inserted ./fileset_dir/00063
Inserted at 1556Insert done
found
found
found
found
evict
found
Not found
found
Inserted ./fileset_dir/00220
Inserted at 3599Insert done
found
found
found
evict
found
found
found
Inserted ./fileset_dir/00253
Inserted at 3701Insert done
found
Not found
found
found
Not found
Inserted ./fileset_dir/00118
Inserted at 2485Insert done
found
found
found
found
found
found
found
Not found
Not found
found
found
Not found
Not found
Inserted ./fileset_dir/00280
Inserted at 3797Insert done
found
found
evict
found
found
found
found
Not found
found
evict
Not found
found
found
Inserted ./fileset_dir/00271
Inserted at 3765Insert done
evict
Inserted ./fileset_dir/00230
Inserted at 3632Insert done
found
Not found
found
found
found
found
found
Not found
found
Not found
Not found
Inserted ./fileset_dir/00212
Inserted at 3568Insert done
evict
Inserted ./fileset_dir/00153
Inserted at 2612Insert done
evict
Inserted ./fileset_dir/00315
Inserted at 660Insert done
found
Not found
found
Inserted ./fileset_dir/00025
Inserted at 1426Insert done
Not found
found
found
found
evict
found
evict
Inserted ./fileset_dir/00114
Inserted at 2481Insert done
found
found
found
found
found
Inserted ./fileset_dir/00250
Inserted at 3698Insert done
found
Not found
Not found
found
evict
found
evict
Inserted ./fileset_dir/00008
Inserted at 1363Insert done
Not found
Not found
found
found
found
Not found
Not found
found
found
evict
Inserted ./fileset_dir/00199
Inserted at 2750Insert done
found
found
found
Not found
Not found
evict
Inserted ./fileset_dir/00124
Inserted at 2514Insert done
found
found
Not found
found
evict
evict
found
found
Inserted ./fileset_dir/00229
Inserted at 3608Insert done
found
found
Not found
Not found
found
Inserted ./fileset_dir/00311
Inserted at 656Insert done
evict
Inserted ./fileset_dir/00155
Inserted at 2614Insert done
found
found
Not found
found
found
found
found
Not found
found
evict
Inserted ./fileset_dir/00115
Inserted at 2482Insert done
evict
Inserted ./fileset_dir/00087
Inserted at 1626Insert done
evict
found
found
found
found
Not found
Inserted ./fileset_dir/00016
Inserted at 1394Insert done
found
found
found
found
found
evict
Not found
found
found
found
Not found
found
found
Not found
Not found
found
found
found
found
found
found
Not found
Not found
found
found
Inserted ./fileset_dir/00097
Inserted at 1659Insert done
found
found
found
Not found
evict
Inserted ./fileset_dir/00049
Inserted at 1496Insert done
Not found
Not found
found
found
found
found
Inserted ./fileset_dir/00015
Inserted at 1393Insert done
evict
Inserted ./fileset_dir/00068
Inserted at 1561Insert done
found
found
found
found
found
evict
Inserted ./fileset_dir/00002
Inserted at 1357Insert done
evict
found
Inserted ./fileset_dir/00131
Inserted at 2544Insert done
found
found
found
found
Not found
found
evict
Inserted ./fileset_dir/00142
Inserted at 2578Insert done
found
found
found
found
Not found
Not found
found
found
found
found
found
found
found
found
found
found
Not found
found
found
found
found
found
found
found
found
found
evict
Inserted ./fileset_dir/00126
Inserted at 2516Insert done
found
Not found
found
found
found
evict
Inserted ./fileset_dir/00232
Inserted at 3634Insert done
found
evict
Inserted ./fileset_dir/00223
Inserted at 3602Insert done
found
evict
Not found
found
found
Not found
found
found
found
found
Inserted ./fileset_dir/00060
Inserted at 1553Insert done
found
Not found
found
found
found
Not found
found
found
found
Not found
found
evict
Inserted ./fileset_dir/00249
Inserted at 3674Insert done
found
found
found
found
found
found
found
Not found
found
found
found
found
Not found
evict
Inserted ./fileset_dir/00215
Inserted at 3571Insert done
Not found
found
found
found
found
found
found
found
found
found
found
found
Inserted ./fileset_dir/00279
Inserted at 3773Insert done
found
found
found
found
found
found
found
evict
Not found
evict
found
Inserted ./fileset_dir/00038
Inserted at 1462Insert done
Not found
found
found
found
found
found
found
Not found
found
found
found
found
found
Inserted ./fileset_dir/00141
Inserted at 2577Insert done
evict
Inserted ./fileset_dir/00000
Inserted at 1355Insert done
found
Not found
Not found
Inserted ./fileset_dir/00242
Inserted at 3667Insert done
found
Not found
found
Not found
found
found
found
found
Not found
found
found
evict
Inserted ./fileset_dir/00308
Inserted at 630Insert done
found
found
evict
Inserted ./fileset_dir/00123
Inserted at 2513Insert done
found
found
found
found
Not found
evict
found
found
found
evict
Inserted ./fileset_dir/00228
Inserted at 3607Insert done
found
found
found
found
evict
Inserted ./fileset_dir/00244
Inserted at 3669Insert done
found
found
evict
Inserted ./fileset_dir/00036
Inserted at 1460Insert done
found
found
found
found
found
found
found
found
Not found
found
found
found
found
found
Not found
found
found
found
found
found
Not found
found
found
found
found
found
found
found
Not found
found
found
found
found
found
evict
Inserted ./fileset_dir/00149
Inserted at 2585Insert done
found
found
found
found
Not found
evict
Inserted ./fileset_dir/00135
Inserted at 2548Insert done
found
Not found
Not found
found
found
found
found
Not found
found
found
evict
Inserted ./fileset_dir/00273
Inserted at 3767Insert done
found
Not found
evict
Inserted ./fileset_dir/00181
Inserted at 2709Insert done
Not found
found
evict
Inserted ./fileset_dir/00001
Inserted at 1356Insert done
found
evict
found
found
Inserted ./fileset_dir/00214
Inserted at 3570Insert done
found
found
found
found
found
found
found
evict
Inserted ./fileset_dir/00236
Inserted at 3638Insert done
found
found
found
Not found
Not found
evict
Not found
Not found
evict
found
found
Not found
found
found
Inserted ./fileset_dir/00185
Inserted at 2713Insert done
Not found
Inserted ./fileset_dir/00221
Inserted at 3600Insert done
Not found
found
found
found
evict
Inserted ./fileset_dir/00287
Inserted at 3804Insert done
found
found
evict
Inserted ./fileset_dir/00010
Inserted at 1388Insert done
Not found
found
found
evict
Inserted ./fileset_dir/00267
Inserted at 3738Insert done
found
Inserted ./fileset_dir/00136
Inserted at 2549Insert done
evict
Inserted ./fileset_dir/00020
Inserted at 1421Insert done
found
found
found
found
found
found
Not found
found
found
found
found
Not found
found
found
found
found
found
found
found
found
found
found
evict
found
evict
Inserted ./fileset_dir/00272
Inserted at 3766Insert done
found
found
found
found
found
found
found
found
Inserted ./fileset_dir/00080
Inserted at 1619Insert done
found
found
found
found
found
found
Not found
Not found
Not found
found
found
found
found
found
found
found
found
found
found
found
found
found
evict
found
found
Inserted ./fileset_dir/00018
Inserted at 1396Insert done
evict
Not found
found
Not found
found
found
found
found
found
Not found
found
found
found
Not found
found
found
Not found
found
Inserted ./fileset_dir/00306
Inserted at 628Insert done
Not found
found
found
found
found
found
evict
found
found
found
Inserted ./fileset_dir/00164
Inserted at 2646Insert done
found
found
evict
Inserted ./fileset_dir/00021
Inserted at 1422Insert done
Not found
found
Inserted ./fileset_dir/00292
Inserted at 3832Insert done
found
found
found
evict
Inserted ./fileset_dir/00231
Inserted at 3633Insert done
found
found
found
found
found
found
Not found
found
found
found
Not found
found
Not found
found
Not found
found
Not found
found
found
found
Inserted ./fileset_dir/00070
Inserted at 1586Insert done
found
found
found
Not found
Not found
evict
found
found
Inserted ./fileset_dir/00119
Inserted at 2486Insert done
found
evict
Inserted ./fileset_dir/00241
Inserted at 3666Insert done
found
found
found
found
found
found
evict
Not found
found
Inserted ./fileset_dir/00192
Inserted at 2743Insert done
found
evict
Inserted ./fileset_dir/00201
Inserted at 3534Insert done
found
found
found
found
found
found
found
found
Not found
Not found
found
evict
found
found
found
Not found
found
found
evict
found
found
Inserted ./fileset_dir/00083
Inserted at 1622Insert done
Not found
found
Not found
found
found
found
found
evict
found
Not found
Not found
found
evict
found
found
found
found
found
Not found
found
found
Not found
Inserted ./fileset_dir/00307
Inserted at 629Insert done
evict
Inserted ./fileset_dir/00127
Inserted at 2517Insert done
found
found
evict
Inserted ./fileset_dir/00284
Inserted at 3801Insert done
found
Not found
evict
found
evict
found
found
found
Not found
Inserted ./fileset_dir/00019
Inserted at 1397Insert done
found
found
Not found
found
found
found
found
found
found
found
Not found
found
found
Not found
found
found
Inserted ./fileset_dir/00260
Inserted at 3731Insert done
found
Not found
found
found
found
evict
Not found
Inserted ./fileset_dir/00169
Inserted at 2651Insert done
evict
Inserted ./fileset_dir/00122
Inserted at 2512Insert done
found
found
found
found
found
found
Not found
found
found
evict
found
found
Not found
found
found
found
found
Inserted ./fileset_dir/00026
Inserted at 1427Insert done
found
found
found
evict
Inserted ./fileset_dir/00174
Inserted at 2679Insert done
Not found
found
found
found
found
found
evict
Inserted ./fileset_dir/00093
Inserted at 1655Insert done
found
Not found
found
Not found
found
Not found
found
found
found
evict
found
found
evict
Inserted ./fileset_dir/00187
Inserted at 2715Insert done
Not found
found
found
Inserted ./fileset_dir/00056
Inserted at 1526Insert done
Not found
found
Not found
evict
Inserted ./fileset_dir/00290
Inserted at 3830Insert done
found
found
evict
Inserted ./fileset_dir/00109
Inserted at 2453Insert done
Not found
found
found
found
found
found
found
found
evict
found
found
found
evict
Inserted ./fileset_dir/00225
Inserted at 3604Insert done
found
evict
Inserted ./fileset_dir/00171
Inserted at 2676Insert done
found
found
found
found
found
found
Not found
Not found
found
found
found
found
found
found
Not found
Not found
found
found
found
found
found
found
Not found
found
found
found
found
Not found
found
evict
Inserted ./fileset_dir/00216
Inserted at 3572Insert done
evict
Not found
Inserted ./fileset_dir/00314
Inserted at 659Insert done
found
found
evict
Inserted ./fileset_dir/00004
Inserted at 1359Insert done
found
found
found
Not found
Not found
evict
Inserted ./fileset_dir/00177
Inserted at 2682Insert done
Not found
Not found
found
found
Not found
Not found
evict
Inserted ./fileset_dir/00140
Inserted at 2576Insert done
evict
Inserted ./fileset_dir/00046
Inserted at 1493Insert done
Not found
found
evict
Inserted ./fileset_dir/00012
Inserted at 1390Insert done
found
evict
Inserted ./fileset_dir/00156
Inserted at 2615Insert done
Not found
found
Not found
evict
Not found
found
evict
found
found
Inserted ./fileset_dir/00239
Inserted at 3641Insert done
found
found
found
found
evict
found
Inserted ./fileset_dir/00022
Inserted at 1423Insert done
found
evict
Not found
found
found
found
found
Not found
found
found
found
found
found
found
Not found
found
found
found
found
found
found
found
Inserted ./fileset_dir/00157
Inserted at 2616Insert done
found
found
found
found
found
found
Inserted ./fileset_dir/00006
Inserted at 1361Insert done
found
Not found
Not found
evict
Inserted ./fileset_dir/00196
Inserted at 2747Insert done
found
found
Not found
Not found
found
found
found
Not found
found
found
found
found
found
found
found
Not found
evict
Inserted ./fileset_dir/00111
Inserted at 2478Insert done
found
evict
found
found
found
evict
Inserted ./fileset_dir/00219
Inserted at 3575Insert done
found
evict
found
found
evict
Not found
found
found
found
Not found
found
found
Not found
Inserted ./fileset_dir/00092
Inserted at 1654Insert done
found
Not found
found
found
found
found
Not found
found
Not found
evict
evict
found
found
Inserted ./fileset_dir/00150
Inserted at 2609Insert done
Not found
Not found
evict
Inserted ./fileset_dir/00173
Inserted at 2678Insert done
found
found
Not found
found
found
evict
Inserted ./fileset_dir/00299
Inserted at 3839Insert done
found
found
found
evict
Inserted ./fileset_dir/00062
Inserted at 1555Insert done
found
found
Not found
Not found
found
found
evict
evict
Inserted ./fileset_dir/00061
Inserted at 1554Insert done
found
Not found
evict
found
found
found
found
found
found
found
evict
Inserted ./fileset_dir/00073
Inserted at 1589Insert done
found
evict
found
Not found
Inserted ./fileset_dir/00243
Inserted at 3668Insert done
Not found
found
Not found
found
Not found
found
Not found
found
found
found
found
Not found
evict
Inserted ./fileset_dir/00301
Inserted at 623Insert done
evict
Inserted ./fileset_dir/00024
Inserted at 1425Insert done
found
evict
found
found
found
found
evict
found
found
found
found
found
found
found
found
Not found
Inserted ./fileset_dir/00023
Inserted at 1424Insert done
found
found
found
evict
Inserted ./fileset_dir/00097
Inserted at 1659Insert done
Not found
found
found
found
found
Not found
Not found
found
found
found
found
found
found
found
found
evict
Inserted ./fileset_dir/00285
Inserted at 3802Insert done
Not found
found
Not found
found
Inserted ./fileset_dir/00311
Inserted at 656Insert done
found
found
found
found
evict
found
evict
found
found
found
found
Not found
found
found
Inserted ./fileset_dir/00217
Inserted at 3573Insert done
found
Not found
found
found
evict
Inserted ./fileset_dir/00138
Inserted at 2551Insert done
found
found
found
found
found
found
found
found
found
found
found
found
Not found
Not found
found
found
evict
Inserted ./fileset_dir/00104
Inserted at 2448Insert done
found
found
Not found
found
Inserted ./fileset_dir/00202
Inserted at 3535Insert done
found
Not found
found
found
Not found
found
Not found
found
found
Inserted ./fileset_dir/00233
Inserted at 3635Insert done
Not found
found
evict
Inserted ./fileset_dir/00029
Inserted at 1430Insert done
found
found
evict
found
found
found
found
Not found
Inserted ./fileset_dir/00204
Inserted at 3537Insert done
evict
found
found
found
found
found
found
Not found
found
Inserted ./fileset_dir/00275
Inserted at 3769Insert done
Not found
Not found
found
evict
Inserted ./fileset_dir/00003
Inserted at 1358Insert done
found
found
found
found
found
found
found
found
evict
found
found
evict
Not found
evict
Inserted ./fileset_dir/00103
Inserted at 2447Insert done
found
found
found
Not found
found
found
found
Inserted ./fileset_dir/00066
Inserted at 1559Insert done
found
Not found
found
found
Not found
Not found
found
evict
found
found
evict
Inserted ./fileset_dir/00251
Inserted at 3699Insert done
found
Not found
Inserted ./fileset_dir/00261
Inserted at 3732Insert done
evict
found
found
Not found
found
found
found
found
Inserted ./fileset_dir/00088
Inserted at 1627Insert done
found
Not found
Not found
found
evict
Inserted ./fileset_dir/00312
Inserted at 657Insert done
found
found
found
Not found
found
evict
Inserted ./fileset_dir/00211
Inserted at 3567Insert done
found
Inserted ./fileset_dir/00082
Inserted at 1621Insert done
Not found
found
found
found
Not found
Not found
evict
Inserted ./fileset_dir/00137
Inserted at 2550Insert done
found
found
evict
found
found
evict
Not found
found
found
found
Inserted ./fileset_dir/00166
Inserted at 2648Insert done
found
Not found
found
Not found
Inserted ./fileset_dir/00155
Inserted at 2614Insert done
found
evict
Not found
Not found
Inserted ./fileset_dir/00040
Inserted at 1487Insert done
found
evict
Inserted ./fileset_dir/00139
Inserted at 2552Insert done
found
found
found
found
found
found
found
Not found
found
Not found
Not found
Not found
found
found
Not found
found
found
found
found
found
Not found
found
Not found
found
evict
Inserted ./fileset_dir/00235
Inserted at 3637Insert done
Not found
Inserted ./fileset_dir/00136
Inserted at 2549Insert done
Not found
evict
found
Inserted ./fileset_dir/00184
Inserted at 2712Insert done
evict
found
found
evict
found
found
Inserted ./fileset_dir/00159
Inserted at 2618Insert done
found
found
found
found
evict
Inserted ./fileset_dir/00309
Inserted at 631Insert done
Not found
Not found
Not found
evict
found
found
found
found
found
found
found
found
found
found
found
found
found
evict
found
found
Inserted ./fileset_dir/00180
Inserted at 2708Insert done
Inserted ./fileset_dir/00015
Inserted at 1393Insert done
found
found
found
Not found
found
found
found
found
found
found
found
found
Not found
found
found
found
found
found
found
found
found
found
found
found
Not found
found
Not found
found
found
Inserted ./fileset_dir/00142
Inserted at 2578Insert done
found
evict
found
found
found
Not found
found
found
found
found
found
found
found
found
Not found
Inserted ./fileset_dir/00060
Inserted at 1553Insert done
Not found
found
found
Not found
Not found
found
found
found
Not found
evict
evict
Not found
found
found
found
Inserted ./fileset_dir/00085
Inserted at 1624Insert done
evict
Not found
evict
Inserted ./fileset_dir/00041
Inserted at 1488Insert done
found
evict
Inserted ./fileset_dir/00183
Inserted at 2711Insert done
evict
Inserted ./fileset_dir/00283
Inserted at 3800Insert done
found
found
found
evict
found
Not found
Not found
found
Not found
found
found
Not found
found
Not found
Inserted ./fileset_dir/00230
Inserted at 3632Insert done
Inserted ./fileset_dir/00293
Inserted at 3833Insert done
found
found
found
Not found
evict
Not found
Inserted ./fileset_dir/00055
Inserted at 1525Insert done
found
found
found
evict
Inserted ./fileset_dir/00181
Inserted at 2709Insert done
Not found
Not found
found
found
found
found
evict
Inserted ./fileset_dir/00209
Inserted at 3542Insert done
Not found
found
Not found
found
evict
Inserted ./fileset_dir/00162
Inserted at 2644Insert done
Inserted ./fileset_dir/00106
Inserted at 2450Insert done
evict
Inserted ./fileset_dir/00286
Inserted at 3803Insert done
found
evict
Inserted ./fileset_dir/00190
Inserted at 2741Insert done
found
found
found
found
Not found
evict
Inserted ./fileset_dir/00087
Inserted at 1626Insert done
found
found
found
Not found
found
evict
Inserted ./fileset_dir/00205
Inserted at 3538Insert done
found
Not found
found
found
found
found
Not found
found
found
found
found
found
found
evict
found
Not found
Not found
found
found
found
found
evict
found
found
evict
found
found
found
found
found
found
evict
Inserted ./fileset_dir/00234
Inserted at 3636Insert done
found
found
Not found
found
found
found
evict
Inserted ./fileset_dir/00031
Inserted at 1455Insert done
Not found
found
found
Not found
found
Not found
Not found
found
found
found
found
evict
Inserted ./fileset_dir/00194
Inserted at 2745Insert done
found
found
Not found
found
Not found
found
found
Inserted ./fileset_dir/00018
Inserted at 1396Insert done
found
found
evict
Inserted ./fileset_dir/00215
Inserted at 3571Insert done
Not found
evict
found
Inserted ./fileset_dir/00229
Inserted at 3608Insert done
Not found
found
Not found
found
Not found
found
evict
Inserted ./fileset_dir/00151
Inserted at 2610Insert done
found
found
Not found
found
Not found
found
Inserted ./fileset_dir/00008
Inserted at 1363Insert done
Inserted ./fileset_dir/00133
Inserted at 2546Insert done
Not found
evict
Inserted ./fileset_dir/00265
Inserted at 3736Insert done
Not found
found
found
Not found
found
found
Inserted ./fileset_dir/00125
Inserted at 2515Insert done
Not found
found
evict
Inserted ./fileset_dir/00198
Inserted at 2749Insert done
found
found
found
found
found
evict
Inserted ./fileset_dir/00276
Inserted at 3770Insert done
found
found
found
evict
Not found
found
found
found
Not found
found
found
evict
found
found
found
evict
Inserted ./fileset_dir/00167
Inserted at 2649Insert done
Not found
found
found
Not found
Not found
Not found
found
evict
found
found
found
found
found
found
found
found
found
Not found
found
found
found
evict
Inserted ./fileset_dir/00278
Inserted at 3772Insert done
found
evict
Inserted ./fileset_dir/00282
Inserted at 3799Insert done
found
evict
Not found
Not found
found
found
found
Inserted ./fileset_dir/00277
Inserted at 3771Insert done
found
Not found
found
found
found
Not found
found
found
evict
Not found
found
Inserted ./fileset_dir/00216
Inserted at 3572Insert done
found
Not found
found
found
evict
found
found
found
found
found
found
found
found
Inserted ./fileset_dir/00005
Inserted at 1360Insert done
found
found
Inserted ./fileset_dir/00175
Inserted at 2680Insert done
found
found
evict
Inserted ./fileset_dir/00128
Inserted at 2518Insert done
found
Not found
found
found
Not found
found
found
found
found
found
found
found
found
Not found
Not found
found
found
found
found
found
Inserted ./fileset_dir/00054
Inserted at 1524Insert done
Not found
found
found
found
found
Not found
found
Inserted ./fileset_dir/00075
Inserted at 1591Insert done
Inserted ./fileset_dir/00252
Inserted at 3700Insert done
Not found
found
Inserted ./fileset_dir/00016
Inserted at 1394Insert done
found
found
found
Not found
found
found
found
found
found
Not found
found
found
found
Not found
found
found
Inserted ./fileset_dir/00227
Inserted at 3606Insert done
Inserted ./fileset_dir/00287
Inserted at 3804Insert done
found
found
found
found
found
Inserted ./fileset_dir/00074
Inserted at 1590Insert done
Not found
found
found
found
found
Inserted ./fileset_dir/00224
Inserted at 3603Insert done
found
Inserted ./fileset_dir/00193
Inserted at 2744Insert done
found
found
found
found
found
found
found
Not found
found
found
Not found
found
found
found
Not found
found
found
found
Not found
found
found
Inserted ./fileset_dir/00246
Inserted at 3671Insert done
found
found
evict
found
found
found
found
found
Not found
found
found
Inserted ./fileset_dir/00114
Inserted at 2481Insert done
Not found
found
evict
Not found
Inserted ./fileset_dir/00244
Inserted at 3669Insert done
found
found
found
found
found
found
found
found
found
found
found
found
found
found
found
Inserted ./fileset_dir/00013
Inserted at 1391Insert done
found
found
found
found
found
found
found
found
Inserted ./fileset_dir/00019
Inserted at 1397Insert done
found
Not found
found
found
found
found
found
found
Not found
found
Not found
found
Not found
found
evict
found
found
Inserted ./fileset_dir/00049
Inserted at 1496Insert done
found
Not found
Not found
evict
evict
found
Not found
evict
Inserted ./fileset_dir/00143
Inserted at 2579Insert done
found
found
found
found
found
evict
Inserted ./fileset_dir/00249
Inserted at 3674Insert done
found
evict
Inserted ./fileset_dir/00101
Inserted at 2445Insert done
found
found
Not found
Not found
Not found
found
found
found
found
found
found
found
found
evict
Not found
found
Not found
found
Not found
found
Inserted ./fileset_dir/00011
Inserted at 1389Insert done
found
evict
Inserted ./fileset_dir/00158
Inserted at 2617Insert done
evict
Not found
found
Inserted ./fileset_dir/00170
Inserted at 2675Insert done
found
found
evict
Inserted ./fileset_dir/00269
Inserted at 3740Insert done
evict
Inserted ./fileset_dir/00071
Inserted at 1587Insert done
found
found
found
found
found
found
found
Not found
evict
found
Not found
found
found
found
found
found
found
Inserted ./fileset_dir/00144
Inserted at 2580Insert done
found
found
found
found
found
found
Not found
evict
found
found
found
found
found
found
Not found
found
found
Not found
found
found
found
found
Not found
found
found
Not found
found
found
found
found
evict
found
found
Inserted ./fileset_dir/00134
Inserted at 2547Insert done
evict
Not found
found
Not found
found
found
found
found
evict
found
Inserted ./fileset_dir/00237
Inserted at 3639Insert done
found
found
evict
Inserted ./fileset_dir/00289
Inserted at 3806Insert done
evict
found
found
found
found
found
found
found
Not found
found
found
found
found
found
found
found
found
found
found
found
found
Not found
found
found
Not found
found
Not found
found
found
found
Not found
Not found
found
Inserted ./fileset_dir/00164
Inserted at 2646Insert done
Not found
found
found
found
found
found
found
found
Inserted ./fileset_dir/00232
Inserted at 3634Insert done
evict
Inserted ./fileset_dir/00197
Inserted at 2748Insert done
found
found
Not found
Not found
Inserted ./fileset_dir/00093
Inserted at 1655Insert done
found
evict
found
found
found
found
Inserted ./fileset_dir/00292
Inserted at 3832Insert done
found
found
Not found
found
found
found
found
evict
Inserted ./fileset_dir/00043
Inserted at 1490Insert done
found
evict
found
found
found
found
evict
Inserted ./fileset_dir/00100
Inserted at 2444Insert done
found
found
found
found
Not found
found
evict
Inserted ./fileset_dir/00188
Inserted at 2716Insert done
found
found
found
found
found
found
found
found
Not found
found
found
found
found
Not found
found
found
found
found
Not found
found
found
found
found
found
found
Not found
found
found
Inserted ./fileset_dir/00024
Inserted at 1425Insert done
evict
Inserted ./fileset_dir/00067
Inserted at 1560Insert done
found
found
found
found
Not found
evict
Inserted ./fileset_dir/00171
Inserted at 2676Insert done
Not found
evict
found
found
Not found
found
found
found
Inserted ./fileset_dir/00113
Inserted at 2480Insert done
found
found
found
Not found
found
Not found
found
evict
found
found
Inserted ./fileset_dir/00241
Inserted at 3666Insert done
found
found
found
found
evict
Inserted ./fileset_dir/00172
Inserted at 2677Insert done
found
found
found
found
found
found
Not found
found
found
found
found
found
found
found
Not found
found
Not found
found
found
found
found
found
found
found
found
found
Not found
found
found
found
Not found
found
found
Not found
evict
Inserted ./fileset_dir/00307
Inserted at 629Insert done
Not found
found
found
evict
found
Not found
evict
Inserted ./fileset_dir/00069
Inserted at 1562Insert done
found
found
found
found
evict
Not found
found
evict
Inserted ./fileset_dir/00298
Inserted at 3838Insert done
found
evict
Inserted ./fileset_dir/00062
Inserted at 1555Insert done
Inserted ./fileset_dir/00086
Inserted at 1625Insert done
found
found
found
found
found
found
Not found
found
Not found
found
found
evict
Not found
Inserted ./fileset_dir/00140
Inserted at 2576Insert done
found
found
found
found
found
found
found
Not found
found
found
found
found
Not found
Not found
Inserted ./fileset_dir/00245
Inserted at 3670Insert done
found
Inserted ./fileset_dir/00262
Inserted at 3733Insert done
found
found
found
found
found
found
Not found
Inserted ./fileset_dir/00169
Inserted at 2651Insert done
evict
Inserted ./fileset_dir/00243
Inserted at 3668Insert done
found
found
found
found
Not found
evict
Inserted ./fileset_dir/00207
Inserted at 3540Insert done
found
found
found
found
Not found
found
Not found
found
found
found
found
found
evict
found
Not found
found
found
found
Inserted ./fileset_dir/00203
Inserted at 3536Insert done
found
found
found
found
found
evict
Inserted ./fileset_dir/00027
Inserted at 1428Insert done
evict
Inserted ./fileset_dir/00284
Inserted at 3801Insert done
found
found
found
found
Inserted ./fileset_dir/00201
Inserted at 3534Insert done
found
found
found
found
found
found
Not found
found
found
found
found
found
Not found
found
found
found
Not found
found
Not found
found
Not found
found
found
evict
found
found
found
found
evict
found
found
found
found
found
found
Inserted ./fileset_dir/00204
Inserted at 3537Insert done
Inserted ./fileset_dir/00174
Inserted at 2679Insert done
found
found
Not found
found
Not found
found
found
Not found
found
found
found
found
Not found
found
evict
found
Inserted ./fileset_dir/00090
Inserted at 1652Insert done
Inserted ./fileset_dir/00025
Inserted at 1426Insert done
found
Inserted ./fileset_dir/00288
Inserted at 3805Insert done
found
found
found
found
found
found
found
found
Not found
found
evict
Inserted ./fileset_dir/00294
Inserted at 3834Insert done
found
found
found
found
found
found
found
Not found
found
found
found
found
found
found
Not found
Not found
found
found
found
Not found
evict
Inserted ./fileset_dir/00211
Inserted at 3567Insert done
found
found
found
Not found
found
evict
Inserted ./fileset_dir/00082
Inserted at 1621Insert done
found
found
found
found
Not found
evict
Inserted ./fileset_dir/00187
Inserted at 2715Insert done
found
found
Not found
found
found
found
found
found
Not found
found
found
evict
Inserted ./fileset_dir/00279
Inserted at 3773Insert done
found
found
Not found
found
found
found
evict
Inserted ./fileset_dir/00109
Inserted at 2453Insert done
found
found
found
found
found
evict
Inserted ./fileset_dir/00124
Inserted at 2514Insert done
found
found
found
found
Not found
found
found
found
found
found
found
found
Not found
found
found
evict
found
found
found
found
found
Not found
found
evict
found
found
found
Inserted ./fileset_dir/00132
Inserted at 2545Insert done
found
found
found
found
found
found
found
found
found
found
found
found
found
found
Not found
found
Not found
found
found
Not found
Not found
found
found
found
found
Not found
evict
found
Not found
evict
Not found
evict
Inserted ./fileset_dir/00217
Inserted at 3573Insert done
Not found
evict
found
found
found
found
found
Inserted ./fileset_dir/00077
Inserted at 1593Insert done
Not found
found
Inserted ./fileset_dir/00260
Inserted at 3731Insert done
found
found
found
evict
found
evict
found
found
found
found
found
Inserted ./fileset_dir/00149
Inserted at 2585Insert done
Not found
found
found
Not found
found
found
found
found
found
found
found
found
found
found
evict
found
found
found
found
found
found
Inserted ./fileset_dir/00139
Inserted at 2552Insert done
found
Not found
found
found
found
found
found
Not found
found
found
found
found
Not found
found
found
found
found
found
evict
found
evict
Not found
found
found
found
Inserted ./fileset_dir/00017
Inserted at 1395Insert done
found
found
found
found
found
found
found
found
Not found
Not found
evict
found
evict
Inserted ./fileset_dir/00048
Inserted at 1495Insert done
evict
Inserted ./fileset_dir/00301
Inserted at 623Insert done
Not found
found
found
found
found
found
found
evict
found
found
found
found
found
Not found
evict
found
found
Not found
found
found
found
found
found
found
Not found
Not found
found
found
found
found
found
Not found
Inserted ./fileset_dir/00222
Inserted at 3601Insert done
found
found
found
found
found
found
found
found
found
Inserted ./fileset_dir/00080
Inserted at 1619Insert done
found
found
Not found
found
found
Not found
found
found
Inserted ./fileset_dir/00104
Inserted at 2448Insert done
found
Not found
found
found
found
found
evict
found
Not found
found
found
found
found
Not found
evict
evict
found
Not found
found
found
Inserted ./fileset_dir/00046
Inserted at 1493Insert done
Not found
found
found
found
Inserted ./fileset_dir/00036
Inserted at 1460Insert done
found
Not found
Not found
found
found
Inserted ./fileset_dir/00103
Inserted at 2447Insert done
Not found
found
found
found
found
found
Not found
evict
Not found
Inserted ./fileset_dir/00141
Inserted at 2577Insert done
evict
found
found
found
evict
found
evict
Inserted ./fileset_dir/00098
Inserted at 1660Insert done
found
Not found
found
found
found
found
found
found
found
evict
found
found
found
Inserted ./fileset_dir/00119
Inserted at 2486Insert done
Not found
found
found
Not found
found
Not found
found
found
Not found
found
found
Not found
found
found
found
found
found
evict
Inserted ./fileset_dir/00308
Inserted at 630Insert done
found
found
found
found
found
Not found
Not found
found
evict
Inserted ./fileset_dir/00219
Inserted at 3575Insert done
found
evict
found
found
found
found
found
found
Inserted ./fileset_dir/00186
Inserted at 2714Insert done
found
Not found
found
found
evict
found
Not found
found
found
found
found
found
found
Not found
Inserted ./fileset_dir/00277
Inserted at 3771Insert done
evict
found
evict
found
found
found
Not found
found
Not found
found
found
found
found
found
found
found
found
found
Not found
found
found
found
evict
Inserted ./fileset_dir/00173
Inserted at 2678Insert done
found
found
found
found
evict
Inserted ./fileset_dir/00312
Inserted at 657Insert done
found
Not found
Not found
found
found
found
Not found
found
found
found
found
found
found
found
found
evict
Inserted ./fileset_dir/00028
Inserted at 1429Insert done
Inserted ./fileset_dir/00056
Inserted at 1526Insert done
evict
Inserted ./fileset_dir/00163
Inserted at 2645Insert done
found
found
found
found
found
found
found
found
found
found
Not found
found
found
found
Not found
found
found
Not found
found
found
found
found
found
found
found
found
found
evict
Inserted ./fileset_dir/00264
Inserted at 3735Insert done
evict
found
found
found
found
evict
found
found
found
found
found
found
found
found
found
found
Not found
Not found
found
found
found
found
found
found
found
found
found
found
evict
found
found
found
found
Not found
found
found
found
found
found
found
found
found
Inserted ./fileset_dir/00202
Inserted at 3535Insert done
found
Not found
Inserted ./fileset_dir/00296
Inserted at 3836Insert done
Not found
found
found
Not found
found
found
found
found
Not found
found
found
evict
found
Not found
Not found
evict
Inserted ./fileset_dir/00261
Inserted at 3732Insert done
evict
Inserted ./fileset_dir/00044
Inserted at 1491Insert done
found
found
Inserted ./fileset_dir/00088
Inserted at 1627Insert done
found
found
found
found
found
evict
found
found
found
Not found
found
found
found
found
found
found
Inserted ./fileset_dir/00026
Inserted at 1427Insert done
found
Not found
found
found
found
found
Inserted ./fileset_dir/00049
Inserted at 1496Insert done
found
Not found
Inserted ./fileset_dir/00135
Inserted at 2548Insert done
found
found
found
found
found
found
found
found
found
Not found
found
found
found
found
evict
Not found
found
found
found
Inserted ./fileset_dir/00162
Inserted at 2644Insert done
found
found
found
found
Not found
Not found
found
found
Inserted ./fileset_dir/00099
Inserted at 1661Insert done
found
found
found
Not found
found
found
found
found
found
found
found
evict
Inserted ./fileset_dir/00001
Inserted at 1356Insert done
Not found
Not found
Inserted ./fileset_dir/00061
Inserted at 1554Insert done
found
found
found
found
Inserted ./fileset_dir/00179
Inserted at 2684Insert done
found
found
found
found
found
found
evict
Inserted ./fileset_dir/00210
Inserted at 3566Insert done
Not found
found
found
found
found
found
found
found
found
evict
found
found
found
found
found
found
found
found
found
found
found
found
found
found
found
found
Not found
found
found
found
found
Not found
found
found
Not found
found
Not found
found
found
Not found
evict
found
found
found
found
Inserted ./fileset_dir/00306
Inserted at 628Insert done
found
found
found
Inserted ./fileset_dir/00226
Inserted at 3605Insert done
found
found
found
found
found
found
found
found
found
Inserted ./fileset_dir/00050
Inserted at 1520Insert done
found
evict
Inserted ./fileset_dir/00278
Inserted at 3772Insert done
found
found
found
found
found
Not found
evict
Inserted ./fileset_dir/00193
Inserted at 2744Insert done
found
found
found
found
found
found
found
found
found
found
found
found
found
Not found
Not found
found
Not found
Not found
found
Not found
found
found
found
evict
found
found
found
found
found
found
found
Inserted ./fileset_dir/00043
Inserted at 1490Insert done
evict
Inserted ./fileset_dir/00148
Inserted at 2584Insert done
found
evict
Inserted ./fileset_dir/00166
Inserted at 2648Insert done
found
Not found
Not found
evict
Inserted ./fileset_dir/00185
Inserted at 2713Insert done
found
found
found
evict
Inserted ./fileset_dir/00168
Inserted at 2650Insert done
found
Not found
Not found
found
found
found
found
found
found
found
Not found
evict
Inserted ./fileset_dir/00295
Inserted at 3835Insert done
found
found
found
found
found
Not found
evict
found
Inserted ./fileset_dir/00096
Inserted at 1658Insert done
Not found
found
found
found
found
found
evict
found
found
found
Inserted ./fileset_dir/00290
Inserted at 3830Insert done
evict
found
Not found
found
found
Not found
found
found
found
found
found
found
found
found
found
found
found
found
found
Inserted ./fileset_dir/00089
Inserted at 1628Insert done
found
found
found
found
found
found
found
found
found
found
found
found
found
Not found
found
found
found
found
found
found
evict
Inserted ./fileset_dir/00136
Inserted at 2549Insert done
found
found
found
found
found
found
found
found
found
found
found
Not found
found
found
found
found
found
found
Not found
Not found
found
found
found
evict
found
found
found
found
found
found
Inserted ./fileset_dir/00157
Inserted at 2616Insert done
found
found
found
found
found
found
found
found
found
found
evict
found
found
evict
found
found
found
found
Not found
Not found
found
found
Not found
Not found
found
Not found
found
found
found
found
found
found
found
Inserted ./fileset_dir/00000
Inserted at 1355Insert done
found
found
evict
Not found
Inserted ./fileset_dir/00106
Inserted at 2450Insert done
found
found
Inserted ./fileset_dir/00207
Inserted at 3540Insert done
found
found
evict
Inserted ./fileset_dir/00133
Inserted at 2546Insert done
found
found
found
found
Not found
found
found
found
found
found
found
found
found
Not found
found
found
found
evict
found
found
evict
found
found
found
Not found
found
found
Inserted ./fileset_dir/00232
Inserted at 3634Insert done
found
found
found
found
Not found
found
found
found
Not found
found
Not found
found
Not found
found
found
found
found
found
evict
Inserted ./fileset_dir/00220
Inserted at 3599Insert done
found
found
found
found
evict
Inserted ./fileset_dir/00288
Inserted at 3805Insert done
found
found
Not found
found
Not found
found
found
Inserted ./fileset_dir/00127
Inserted at 2517Insert done
found
found
found
found
found
Not found
evict
found
found
evict
Not found
found
evict
Not found
found
Inserted ./fileset_dir/00215
Inserted at 3571Insert done
found
found
Not found
found
found
Inserted ./fileset_dir/00170
Inserted at 2675Insert done
found
found
found
found
found
found
found
found
found
found
evict
found
evict
Inserted ./fileset_dir/00020
Inserted at 1421Insert done
found
found
found
found
found
evict
Inserted ./fileset_dir/00066
Inserted at 1559Insert done
found
Not found
found
Not found
found
found
found
found
found
found
found
found
found
found
found
Not found
evict
found
found
found
found
found
found
evict
found
found
found
found
found
Not found
found
found
found
found
found
found
found
Not found
found
found
found
found
found
Inserted ./fileset_dir/00221
Inserted at 3600Insert done
found
found
found
found
found
found
Not found
Not found
Inserted ./fileset_dir/00213
Inserted at 3569Insert done
Not found
evict
Inserted ./fileset_dir/00233
Inserted at 3635Insert done
found
found
Not found
found
Not found
found
found
found
found
evict
Inserted ./fileset_dir/00188
Inserted at 2716Insert done
found
found
found
found
found
evict
Inserted ./fileset_dir/00300
Inserted at 622Insert done
found
evict
evict
found
evict
found
found
found
found
found
found
found
Not found
found
found
found
Not found
Not found
found
Not found
found
found
Not found
Not found
found
evict
found
Inserted ./fileset_dir/00167
Inserted at 2649Insert done
evict
found
Not found
Inserted ./fileset_dir/00150
Inserted at 2609Insert done
Inserted ./fileset_dir/00256
Inserted at 3704Insert done
found
Inserted ./fileset_dir/00092
Inserted at 1654Insert done
found
found
Not found
found
found
evict
Inserted ./fileset_dir/00065
Inserted at 1558Insert done
found
Not found
found
found
found
found
found
found
found
Not found
found
found
found
found
Not found
found
found
Inserted ./fileset_dir/00145
Inserted at 2581Insert done
found
found
found
found
found
found
found
evict
Inserted ./fileset_dir/00055
Inserted at 1525Insert done
found
found
found
found
found
found
found
found
found
found
found
found
Not found
found
found
found
found
evict
Inserted ./fileset_dir/00007
Inserted at 1362Insert done
found
found
found
found
Not found
found
found
Not found
found
found
found
found
found
found
evict
found
found
found
found
found
Not found
found
found
found
evict
found
Not found
Not found
found
found
found
found
found
found
found
Inserted ./fileset_dir/00303
Inserted at 625Insert done
found
Not found
evict
Inserted ./fileset_dir/00060
Inserted at 1553Insert done
found
found
found
found
Not found
evict
Inserted ./fileset_dir/00022
Inserted at 1423Insert done
Not found
Not found
Not found
found
Inserted ./fileset_dir/00283
Inserted at 3800Insert done
found
found
found
found
found
Not found
found
found
Inserted ./fileset_dir/00027
Inserted at 1428Insert done
evict
found
found
found
found
evict
found
found
found
Inserted ./fileset_dir/00119
Inserted at 2486Insert done
found
Not found
found
found
evict
Inserted ./fileset_dir/00033
Inserted at 1457Insert done
Not found
found
found
Not found
Not found
found
found
Inserted ./fileset_dir/00244
Inserted at 3669Insert done
Inserted ./fileset_dir/00191
Inserted at 2742Insert done
Not found
found
Not found
evict
Inserted ./fileset_dir/00095
Inserted at 1657Insert done
found
Not found
found
evict
found
found
found
evict
Inserted ./fileset_dir/00255
Inserted at 3703Insert done
found
found
Not found
found
Not found
evict
Inserted ./fileset_dir/00080
Inserted at 1619Insert done
found
Not found
Not found
found
Not found
found
found
found
found
evict
Inserted ./fileset_dir/00071
Inserted at 1587Insert done
found
found
found
Not found
found
evict
found
found
found
Not found
found
Inserted ./fileset_dir/00203
Inserted at 3536Insert done
found
evict
Inserted ./fileset_dir/00105
Inserted at 2449Insert done
found
found
evict
Inserted ./fileset_dir/00107
Inserted at 2451Insert done
found
found
found
found
Not found
found
found
found
evict
Inserted ./fileset_dir/00121
Inserted at 2511Insert done
Not found
Not found
Not found
found
evict
found
found
Not found
found
found
found
found
Not found
found
Not found
found
found
found
evict
Inserted ./fileset_dir/00039
Inserted at 1463Insert done
evict
Inserted ./fileset_dir/00262
Inserted at 3733Insert done
Not found
evict
Not found
Inserted ./fileset_dir/00097
Inserted at 1659Insert done
Not found
found
evict
Inserted ./fileset_dir/00190
Inserted at 2741Insert done
Not found
Not found
evict
Not found
evict
found
Inserted ./fileset_dir/00177
Inserted at 2682Insert done
evict
found
found
Not found
Inserted ./fileset_dir/00268
Inserted at 3739Insert done
evict
found
found
Not found
found
found
evict
found
found
Not found
Inserted ./fileset_dir/00158
Inserted at 2617Insert done
found
found
found
found
found
Not found
found
found
found
found
found
found
found
found
found
found
found
Not found
found
found
found
Inserted ./fileset_dir/00144
Inserted at 2580Insert done
found
found
found
found
found
found
evict
found
found
found
Not found
Not found
Not found
found
Inserted ./fileset_dir/00013
Inserted at 1391Insert done
found
found
found
found
Not found
found
found
Inserted ./fileset_dir/00138
Inserted at 2551Insert done
found
evict
found
Inserted ./fileset_dir/00047
Inserted at 1494Insert done
found
evict
found
found
found
found
found
found
Not found
found
found
found
found
found
Inserted ./fileset_dir/00045
Inserted at 1492Insert done
found
Not found
found
found
found
found
Inserted ./fileset_dir/00093
Inserted at 1655Insert done
found
found
found
Not found
found
found
found
found
evict
found
found
